C:\ECAD\lscc\diamond\3.14\synpbase\bin64\c_hdl.exe  -osyn  C:\ECAD\FPGA_Designs\lattice_propel_workspace\bhasa_fw\bhasa_zero\impl1\synwork\bhasa_zero_impl1_comp.srs  -top  HelloWorld_Top  -hdllog  C:\ECAD\FPGA_Designs\lattice_propel_workspace\bhasa_fw\bhasa_zero\impl1\synlog\bhasa_zero_impl1_compiler.srr  -encrypt  -mp  4  -verification_mode 0  -vhdl  -prodtype  synplify_pro  -dspmac -fixsmult -infer_seqShift -nram -sdff_counter -divnmod -nostructver  -lattice  -encrypt  -pro  -dmgen  C:\ECAD\FPGA_Designs\lattice_propel_workspace\bhasa_fw\bhasa_zero\impl1\dm  -lite -ui -fid2 -ram -sharing on -ll 2000 -autosm  -work_is_curlib 0  -ignore_undefined_lib  -lib work C:\ECAD\FPGA_Designs\lattice_propel_workspace\bhasa_fw\bhasa_zero\bhasa_zero\bhasa_zero.vhd  -verilog  -prodtype  synplify_pro  -dspmac -fixsmult -infer_seqShift -nram -sdff_counter -divnmod -nostructver  -lattice   -I C:\ECAD\FPGA_Designs\lattice_propel_workspace\bhasa_fw\bhasa_zero  -I C:\ECAD\FPGA_Designs\lattice_propel_workspace\bhasa_fw\bhasa_zero\impl1\  -I C:\ECAD\lscc\diamond\3.14\synpbase\lib   -v2001  -devicelib  C:\ECAD\lscc\diamond\3.14\synpbase\lib\lucent\machxo2.v  -devicelib  C:\ECAD\lscc\diamond\3.14\synpbase\lib\lucent\pmi_def.v  -encrypt  -pro  -dmgen  C:\ECAD\FPGA_Designs\lattice_propel_workspace\bhasa_fw\bhasa_zero\impl1\dm  -ui -fid2 -ram -sharing on -ll 2000 -autosm  -D_MULTIPLE_FILE_COMPILATION_UNIT_  -lib work -fv2001 C:\ECAD\FPGA_Designs\lattice_propel_workspace\bhasa_fw\bhasa_zero\bhasa_zero\lib\latticesemi.com\module\ahbl0\1.3.0\rtl\ahbl0.v -lib work -fv2001 C:\ECAD\FPGA_Designs\lattice_propel_workspace\bhasa_fw\bhasa_zero\bhasa_zero\lib\latticesemi.com\module\apb0\1.2.0\rtl\apb0.v -lib work -fv2001 C:\ECAD\FPGA_Designs\lattice_propel_workspace\bhasa_fw\bhasa_zero\bhasa_zero\bhasa_zero_Top.v -lib work -fv2001 C:\ECAD\FPGA_Designs\lattice_propel_workspace\bhasa_fw\bhasa_zero\bhasa_zero\lib\latticesemi.com\ip\uart0\1.3.0\rtl\uart0.v -lib work -fv2001 C:\ECAD\FPGA_Designs\lattice_propel_workspace\bhasa_fw\bhasa_zero\bhasa_zero\lib\latticesemi.com\ip\cpu0\2.4.0\rtl\cpu0.v -lib work -fv2001 C:\ECAD\FPGA_Designs\lattice_propel_workspace\bhasa_fw\bhasa_zero\bhasa_zero\lib\latticesemi.com\ip\gpio0\1.6.1\rtl\gpio0.v -lib work -fv2001 C:\ECAD\FPGA_Designs\lattice_propel_workspace\bhasa_fw\bhasa_zero\bhasa_zero\lib\latticesemi.com\module\ahbl2apb0\1.1.0\rtl\ahbl2apb0.v -lib work -fv2001 C:\ECAD\FPGA_Designs\lattice_propel_workspace\bhasa_fw\bhasa_zero\bhasa_zero\lib\latticesemi.com\ip\sysmem0\2.2.0\rtl\sysmem0.v  -jobname  "compiler" 
relcom:..\..\..\..\..\..\lscc\diamond\3.14\synpbase\bin64\c_hdl.exe -osyn ..\synwork\bhasa_zero_impl1_comp.srs -top HelloWorld_Top -hdllog ..\synlog\bhasa_zero_impl1_compiler.srr -encrypt -mp 4 -verification_mode 0 -vhdl -prodtype synplify_pro -dspmac -fixsmult -infer_seqShift -nram -sdff_counter -divnmod -nostructver -lattice -encrypt -pro -dmgen ..\dm -lite -ui -fid2 -ram -sharing on -ll 2000 -autosm -work_is_curlib 0 -ignore_undefined_lib -lib work ..\..\bhasa_zero\bhasa_zero.vhd -verilog -prodtype synplify_pro -dspmac -fixsmult -infer_seqShift -nram -sdff_counter -divnmod -nostructver -lattice -I ..\..\..\bhasa_zero -I ..\ -I ..\..\..\..\..\..\lscc\diamond\3.14\synpbase\lib -v2001 -devicelib ..\..\..\..\..\..\lscc\diamond\3.14\synpbase\lib\lucent\machxo2.v -devicelib ..\..\..\..\..\..\lscc\diamond\3.14\synpbase\lib\lucent\pmi_def.v -encrypt -pro -dmgen ..\dm -ui -fid2 -ram -sharing on -ll 2000 -autosm -D_MULTIPLE_FILE_COMPILATION_UNIT_ -lib work -fv2001 ..\..\bhasa_zero\lib\latticesemi.com\module\ahbl0\1.3.0\rtl\ahbl0.v -lib work -fv2001 ..\..\bhasa_zero\lib\latticesemi.com\module\apb0\1.2.0\rtl\apb0.v -lib work -fv2001 ..\..\bhasa_zero\bhasa_zero_Top.v -lib work -fv2001 ..\..\bhasa_zero\lib\latticesemi.com\ip\uart0\1.3.0\rtl\uart0.v -lib work -fv2001 ..\..\bhasa_zero\lib\latticesemi.com\ip\cpu0\2.4.0\rtl\cpu0.v -lib work -fv2001 ..\..\bhasa_zero\lib\latticesemi.com\ip\gpio0\1.6.1\rtl\gpio0.v -lib work -fv2001 ..\..\bhasa_zero\lib\latticesemi.com\module\ahbl2apb0\1.1.0\rtl\ahbl2apb0.v -lib work -fv2001 ..\..\bhasa_zero\lib\latticesemi.com\ip\sysmem0\2.2.0\rtl\sysmem0.v -jobname "compiler"
rc:0 success:1 runtime:91
file:..\synwork\bhasa_zero_impl1_comp.srs|io:o|time:1737837934|size:496354|exec:0|csum:
file:..\synlog\bhasa_zero_impl1_compiler.srr|io:o|time:1737837935|size:278045|exec:0|csum:
file:..\..\bhasa_zero\bhasa_zero.vhd|io:i|time:1737829455|size:126926|exec:0|csum:8C69D2B26BC90D43825B81F4FBE1DE20
file:..\..\..\..\..\..\lscc\diamond\3.14\synpbase\lib\lucent\machxo2.v|io:i|time:1726552933|size:49748|exec:0|csum:B71CE3E7881D74CEF4BD77A23168B26C
file:..\..\..\..\..\..\lscc\diamond\3.14\synpbase\lib\lucent\pmi_def.v|io:i|time:1727134390|size:40584|exec:0|csum:62845CEC2BB6FEBE1BA059B1E18015F4
file:.\-fv2001|io:i|time:0|size:-1|exec:0|csum:
file:..\..\bhasa_zero\lib\latticesemi.com\module\ahbl0\1.3.0\rtl\ahbl0.v|io:i|time:1684303397|size:432503|exec:0|csum:9E3B4619E43928D7C836A0CC2CE0E5E6
file:.\-fv2001|io:i|time:0|size:-1|exec:0|csum:
file:..\..\bhasa_zero\lib\latticesemi.com\module\apb0\1.2.0\rtl\apb0.v|io:i|time:1684303440|size:177193|exec:0|csum:865B00460BF877CA9F4DB71BE9B419D3
file:.\-fv2001|io:i|time:0|size:-1|exec:0|csum:
file:..\..\bhasa_zero\bhasa_zero_top.v|io:i|time:1736963318|size:2961|exec:0|csum:EB483A51AD9AD9AA916C55CA14C4730C
file:.\-fv2001|io:i|time:0|size:-1|exec:0|csum:
file:..\..\bhasa_zero\lib\latticesemi.com\ip\uart0\1.3.0\rtl\uart0.v|io:i|time:1684303462|size:134333|exec:0|csum:A8AC7CCA3C5F479364996CCA2DABDD96
file:.\-fv2001|io:i|time:0|size:-1|exec:0|csum:
file:..\..\bhasa_zero\lib\latticesemi.com\ip\cpu0\2.4.0\rtl\cpu0.v|io:i|time:1684303467|size:5520403|exec:0|csum:D97658D06684614452CBDDFFC88B55BE
file:.\-fv2001|io:i|time:0|size:-1|exec:0|csum:
file:..\..\bhasa_zero\lib\latticesemi.com\ip\gpio0\1.6.1\rtl\gpio0.v|io:i|time:1684303456|size:54523|exec:0|csum:F8F33B5C0B7F8F612F78ACA44B9A3D09
file:.\-fv2001|io:i|time:0|size:-1|exec:0|csum:
file:..\..\bhasa_zero\lib\latticesemi.com\module\ahbl2apb0\1.1.0\rtl\ahbl2apb0.v|io:i|time:1684303411|size:26987|exec:0|csum:E24E14C423162DA1100FFAFDE19F823F
file:.\-fv2001|io:i|time:0|size:-1|exec:0|csum:
file:..\..\bhasa_zero\lib\latticesemi.com\ip\sysmem0\2.2.0\rtl\sysmem0.v|io:i|time:1737837803|size:890423|exec:0|csum:149E261214CAD78323E7678DC4416CED
file:..\..\..\..\..\..\lscc\diamond\3.14\synpbase\bin64\c_hdl.exe|io:i|time:1727134361|size:7450624|exec:1|csum:A7411187494CA4C844650524343F7034
