###########################################################[

Copyright (C) 1994-2023 Synopsys, Inc.
This Synopsys software and all associated documentation are proprietary to Synopsys, Inc.
and may only be used pursuant to the terms and conditions of a written license agreement
with Synopsys, Inc. All other use, reproduction, modification, or distribution of the
Synopsys software or the associated documentation is strictly prohibited.
Tool: Synplify Pro (R)
Build: V-2023.09L-2
Install: C:\ECAD\lscc\diamond\3.14\synpbase
OS: Windows 10 or later
Hostname: JETBEAST

Implementation : impl1
Synopsys VHDL Compiler, Version comp202309synp1, Build 349R, Built Sep 17 2024 08:16:26, @

@N|Running in 64-bit mode
@N: CD140 :	| Using the VHDL 1993 Standard for file 'C:/ECAD/FPGA_Designs/lattice_propel_workspace/bhasa_fw/bhasa_zero/bhasa_zero/bhasa_zero.vhd'.

At c_vhdl Exit (Real Time elapsed 0h:00m:00s; CPU Time elapsed 0h:00m:00s; Memory used current: 89MB peak: 90MB)

Process took 0h:00m:01s realtime, 0h:00m:01s cputime

Process completed successfully.
# Sat Jan 25 12:44:05 2025

###########################################################]
